<?xml version="1.0" encoding="UTF-8"?>
<!-- Generated by org.testng.reporters.JUnitReportReporter -->
<testsuite hostname="DESKTOP-2IRLF59" failures="0" tests="6" name="pepperfry.Main" time="51.407" errors="0" timestamp="2021-04-08T11:44:37 IST" skipped="0">
  <testcase classname="pepperfry.Main" name="login" time="11.757"/>
  <system-out/>
  <testcase classname="pepperfry.Main" name="validateBasics" time="0.117"/>
  <system-out/>
  <testcase classname="pepperfry.Main" name="search" time="12.947"/>
  <system-out/>
  <testcase classname="pepperfry.Main" name="validateProductDetails" time="12.043"/>
  <system-out/>
  <testcase classname="pepperfry.Main" name="paymentGateway" time="6.920"/>
  <system-out/>
  <testcase classname="pepperfry.Main" name="socialMediaWebsite" time="7.623"/>
  <system-out/>
</testsuite> <!-- pepperfry.Main -->
