<?xml version="1.0" encoding="UTF-8"?>
<!-- Generated by org.testng.reporters.JUnitReportReporter -->
<testsuite hostname="DESKTOP-2IRLF59" failures="0" tests="1" name="pepperfry.SearchSample" time="10.869" errors="0" timestamp="2021-04-01T13:30:35 IST" skipped="0">
  <testcase classname="pepperfry.SearchSample" name="f" time="10.869"/>
  <system-out/>
</testsuite> <!-- pepperfry.SearchSample -->
